TN:
SF:/Users/nico.meyer/Desktop/Projects/credit-card-form/src/components/credit-card-form-input.vue
FNF:0
FNH:0
DA:31,3
DA:40,3
DA:41,3
DA:44,3
LF:4
LH:4
BRDA:40,0,0,3
BRDA:40,0,1,6
BRF:2
BRH:2
end_of_record
TN:
SF:/Users/nico.meyer/Desktop/Projects/credit-card-form/src/components/credit-card-form.vue
FNF:0
FNH:0
DA:11,0
DA:19,0
LF:2
LH:0
BRF:0
BRH:0
end_of_record
TN:
SF:/Users/nico.meyer/Desktop/Projects/credit-card-form/src/components/credit-card.vue
FNF:0
FNH:0
DA:24,1
DA:25,1
DA:26,1
DA:27,1
LF:4
LH:4
BRF:0
BRH:0
end_of_record
TN:
SF:/Users/nico.meyer/Desktop/Projects/credit-card-form/src/views/Home.vue
FNF:0
FNH:0
DA:9,0
DA:10,0
LF:2
LH:0
BRF:0
BRH:0
end_of_record
